::1 - - [27/Apr/2017:13:29:19 -0400] "SOURCE /stream HTTP/1.0" 200 19 "-" "-" 14
::1 - - [27/Apr/2017:13:29:19 -0400] "GET /stream HTTP/1.1" 200 164345 "http://localhost:3000/" "Mozilla/5.0 (iPhone; CPU iPhone OS 9_1 like Mac OS X) AppleWebKit/601.1.46 (KHTML, like Gecko) Version/9.0 Mobile/13B143 Safari/601.1" 14
::1 - - [27/Apr/2017:13:30:06 -0400] "SOURCE /stream HTTP/1.0" 200 19 "-" "-" 31
::1 - - [27/Apr/2017:13:30:06 -0400] "GET /stream HTTP/1.1" 200 164345 "http://localhost:3000/" "Mozilla/5.0 (iPhone; CPU iPhone OS 9_1 like Mac OS X) AppleWebKit/601.1.46 (KHTML, like Gecko) Version/9.0 Mobile/13B143 Safari/601.1" 31
::1 - - [27/Apr/2017:13:46:33 -0400] "GET / HTTP/1.1" 200 1615 "-" "Mozilla/5.0 (Macintosh; Intel Mac OS X 10_11_6) AppleWebKit/537.36 (KHTML, like Gecko) Chrome/57.0.2987.133 Safari/537.36" 0
::1 - - [27/Apr/2017:13:46:33 -0400] "GET /favicon.ico HTTP/1.1" 404 644 "http://localhost:9000/" "Mozilla/5.0 (Macintosh; Intel Mac OS X 10_11_6) AppleWebKit/537.36 (KHTML, like Gecko) Chrome/57.0.2987.133 Safari/537.36" 0
::1 - - [27/Apr/2017:13:46:35 -0400] "GET /status.xsl HTTP/1.1" 200 1615 "http://localhost:9000/" "Mozilla/5.0 (Macintosh; Intel Mac OS X 10_11_6) AppleWebKit/537.36 (KHTML, like Gecko) Chrome/57.0.2987.133 Safari/537.36" 0
::1 - - [27/Apr/2017:13:46:38 -0400] "GET /status.xsl HTTP/1.1" 200 1615 "http://localhost:9000/status.xsl" "Mozilla/5.0 (Macintosh; Intel Mac OS X 10_11_6) AppleWebKit/537.36 (KHTML, like Gecko) Chrome/57.0.2987.133 Safari/537.36" 0
::1 - - [27/Apr/2017:13:46:44 -0400] "GET /admin/ HTTP/1.1" 401 610 "http://localhost:9000/status.xsl" "Mozilla/5.0 (Macintosh; Intel Mac OS X 10_11_6) AppleWebKit/537.36 (KHTML, like Gecko) Chrome/57.0.2987.133 Safari/537.36" 1
::1 - - [27/Apr/2017:13:46:48 -0400] "GET /admin/ HTTP/1.1" 404 628 "http://localhost:9000/status.xsl" "Mozilla/5.0 (Macintosh; Intel Mac OS X 10_11_6) AppleWebKit/537.36 (KHTML, like Gecko) Chrome/57.0.2987.133 Safari/537.36" 0
::1 - - [27/Apr/2017:13:46:55 -0400] "GET / HTTP/1.1" 200 1615 "-" "Mozilla/5.0 (Macintosh; Intel Mac OS X 10_11_6) AppleWebKit/537.36 (KHTML, like Gecko) Chrome/57.0.2987.133 Safari/537.36" 0
::1 - - [27/Apr/2017:13:46:55 -0400] "GET /favicon.ico HTTP/1.1" 404 644 "http://localhost:9001/" "Mozilla/5.0 (Macintosh; Intel Mac OS X 10_11_6) AppleWebKit/537.36 (KHTML, like Gecko) Chrome/57.0.2987.133 Safari/537.36" 0
::1 - - [27/Apr/2017:13:46:57 -0400] "GET /status.xsl HTTP/1.1" 200 1615 "http://localhost:9001/" "Mozilla/5.0 (Macintosh; Intel Mac OS X 10_11_6) AppleWebKit/537.36 (KHTML, like Gecko) Chrome/57.0.2987.133 Safari/537.36" 0
::1 - - [27/Apr/2017:13:46:59 -0400] "GET /admin/ HTTP/1.1" 401 610 "http://localhost:9001/status.xsl" "Mozilla/5.0 (Macintosh; Intel Mac OS X 10_11_6) AppleWebKit/537.36 (KHTML, like Gecko) Chrome/57.0.2987.133 Safari/537.36" 1
::1 - - [27/Apr/2017:13:47:01 -0400] "GET /admin/ HTTP/1.1" 404 628 "http://localhost:9001/status.xsl" "Mozilla/5.0 (Macintosh; Intel Mac OS X 10_11_6) AppleWebKit/537.36 (KHTML, like Gecko) Chrome/57.0.2987.133 Safari/537.36" 0
::1 - - [27/Apr/2017:13:47:09 -0400] "GET /stream HTTP/1.1" 404 644 "http://localhost:3000/" "Mozilla/5.0 (iPhone; CPU iPhone OS 9_1 like Mac OS X) AppleWebKit/601.1.46 (KHTML, like Gecko) Version/9.0 Mobile/13B143 Safari/601.1" 0
::1 - - [27/Apr/2017:13:47:19 -0400] "SOURCE /stream HTTP/1.0" 200 19 "-" "-" 10
::1 - - [27/Apr/2017:13:47:43 -0400] "GET /stream HTTP/1.1" 404 644 "http://localhost:3000/" "Mozilla/5.0 (iPhone; CPU iPhone OS 9_1 like Mac OS X) AppleWebKit/601.1.46 (KHTML, like Gecko) Version/9.0 Mobile/13B143 Safari/601.1" 0
::1 - - [27/Apr/2017:13:47:51 -0400] "SOURCE /stream HTTP/1.0" 200 19 "-" "-" 8
::1 - - [27/Apr/2017:13:48:11 -0400] "GET /stream HTTP/1.1" 404 644 "http://localhost:3000/" "Mozilla/5.0 (iPhone; CPU iPhone OS 9_1 like Mac OS X) AppleWebKit/601.1.46 (KHTML, like Gecko) Version/9.0 Mobile/13B143 Safari/601.1" 0
::1 - - [27/Apr/2017:13:48:21 -0400] "SOURCE /stream HTTP/1.0" 200 19 "-" "-" 10
::1 - - [27/Apr/2017:13:48:39 -0400] "GET /stream HTTP/1.1" 404 644 "http://localhost:3000/" "Mozilla/5.0 (iPhone; CPU iPhone OS 9_1 like Mac OS X) AppleWebKit/601.1.46 (KHTML, like Gecko) Version/9.0 Mobile/13B143 Safari/601.1" 0
::1 - - [27/Apr/2017:13:48:53 -0400] "SOURCE /stream HTTP/1.0" 200 19 "-" "-" 14
::1 - - [27/Apr/2017:13:49:39 -0400] "SOURCE /stream HTTP/1.0" 200 19 "-" "-" 21
::1 - - [27/Apr/2017:13:49:39 -0400] "GET /stream HTTP/1.1" 200 164331 "http://localhost:3000/" "Mozilla/5.0 (iPhone; CPU iPhone OS 9_1 like Mac OS X) AppleWebKit/601.1.46 (KHTML, like Gecko) Version/9.0 Mobile/13B143 Safari/601.1" 21
::1 - - [28/Apr/2017:19:15:02 -0400] "SOURCE /stream HTTP/1.0" 200 19 "-" "-" 21
::1 - - [28/Apr/2017:19:15:02 -0400] "GET /stream HTTP/1.1" 200 164331 "http://localhost:3000/" "Mozilla/5.0 (iPhone; CPU iPhone OS 9_1 like Mac OS X) AppleWebKit/601.1.46 (KHTML, like Gecko) Version/9.0 Mobile/13B143 Safari/601.1" 21
::1 - - [28/Apr/2017:19:36:38 -0400] "SOURCE /stream HTTP/1.0" 200 19 "-" "-" 21
::1 - - [28/Apr/2017:19:36:38 -0400] "GET /stream HTTP/1.1" 200 164333 "http://localhost:3000/" "Mozilla/5.0 (iPhone; CPU iPhone OS 9_1 like Mac OS X) AppleWebKit/601.1.46 (KHTML, like Gecko) Version/9.0 Mobile/13B143 Safari/601.1" 21
::1 - - [28/Apr/2017:20:09:10 -0400] "SOURCE /stream HTTP/1.0" 200 19 "-" "-" 21
::1 - - [28/Apr/2017:20:09:10 -0400] "GET /stream HTTP/1.1" 200 164331 "http://localhost:3000/" "Mozilla/5.0 (iPhone; CPU iPhone OS 9_1 like Mac OS X) AppleWebKit/601.1.46 (KHTML, like Gecko) Version/9.0 Mobile/13B143 Safari/601.1" 21
::1 - - [28/Apr/2017:20:25:22 -0400] "SOURCE /stream HTTP/1.0" 200 19 "-" "-" 21
::1 - - [28/Apr/2017:20:25:22 -0400] "GET /stream HTTP/1.1" 200 164331 "http://localhost:3000/" "Mozilla/5.0 (iPhone; CPU iPhone OS 9_1 like Mac OS X) AppleWebKit/601.1.46 (KHTML, like Gecko) Version/9.0 Mobile/13B143 Safari/601.1" 21
::1 - - [28/Apr/2017:20:53:21 -0400] "GET /stream HTTP/1.1" 404 644 "http://localhost:3000/" "Mozilla/5.0 (iPhone; CPU iPhone OS 9_1 like Mac OS X) AppleWebKit/601.1.46 (KHTML, like Gecko) Version/9.0 Mobile/13B143 Safari/601.1" 0
::1 - - [28/Apr/2017:20:53:42 -0400] "SOURCE /stream HTTP/1.0" 200 19 "-" "-" 21
::1 - - [01/May/2017:19:56:32 -0400] "SOURCE /stream HTTP/1.0" 403 538 "-" "-" 0
::1 - - [01/May/2017:19:56:47 -0400] "SOURCE /stream HTTP/1.0" 403 538 "-" "-" 0
::1 - - [01/May/2017:19:58:04 -0400] "SOURCE /stream HTTP/1.0" 200 19 "-" "-" 135
::1 - - [01/May/2017:19:58:04 -0400] "GET /stream HTTP/1.1" 200 1982931 "http://localhost:3000/" "Mozilla/5.0 (iPhone; CPU iPhone OS 9_1 like Mac OS X) AppleWebKit/601.1.46 (KHTML, like Gecko) Version/9.0 Mobile/13B143 Safari/601.1" 135
::1 - - [01/May/2017:19:58:04 -0400] "GET /stream HTTP/1.1" 200 1358531 "http://localhost:3000/" "Mozilla/5.0 (Macintosh; Intel Mac OS X 10_11_6) AppleWebKit/537.36 (KHTML, like Gecko) Chrome/57.0.2987.133 Safari/537.36" 92
::1 - - [01/May/2017:19:58:04 -0400] "GET /stream HTTP/1.1" 200 1126131 "http://localhost:3000/" "Mozilla/5.0 (Macintosh; Intel Mac OS X 10_11_6) AppleWebKit/537.36 (KHTML, like Gecko) Chrome/57.0.2987.133 Safari/537.36" 77
::1 - - [01/May/2017:20:02:31 -0400] "GET /stream HTTP/1.1" 200 871333 "http://localhost:3000/" "Mozilla/5.0 (iPhone; CPU iPhone OS 9_1 like Mac OS X) AppleWebKit/601.1.46 (KHTML, like Gecko) Version/9.0 Mobile/13B143 Safari/601.1" 55
::1 - - [01/May/2017:20:02:33 -0400] "SOURCE /stream HTTP/1.0" 200 19 "-" "-" 57
::1 - - [01/May/2017:20:03:25 -0400] "SOURCE /stream HTTP/1.0" 200 19 "-" "-" 19
::1 - - [01/May/2017:20:03:25 -0400] "GET /stream HTTP/1.1" 200 294533 "http://localhost:3000/" "Mozilla/5.0 (iPhone; CPU iPhone OS 9_1 like Mac OS X) AppleWebKit/601.1.46 (KHTML, like Gecko) Version/9.0 Mobile/13B143 Safari/601.1" 19
::1 - - [01/May/2017:20:05:05 -0400] "SOURCE /stream HTTP/1.0" 403 538 "-" "-" 0
::1 - - [01/May/2017:20:05:14 -0400] "GET /stream HTTP/1.1" 200 756531 "http://localhost:3000/" "Mozilla/5.0 (iPhone; CPU iPhone OS 9_1 like Mac OS X) AppleWebKit/601.1.46 (KHTML, like Gecko) Version/9.0 Mobile/13B143 Safari/601.1" 48
::1 - - [01/May/2017:20:05:15 -0400] "SOURCE /stream HTTP/1.0" 200 19 "-" "-" 49
::1 - - [01/May/2017:20:05:15 -0400] "GET /stream HTTP/1.1" 200 225931 "http://localhost:3000/" "Mozilla/5.0 (Macintosh; Intel Mac OS X 10_11_6) AppleWebKit/537.36 (KHTML, like Gecko) Chrome/57.0.2987.133 Safari/537.36" 10
::1 - - [02/May/2017:09:26:40 -0400] "SOURCE /stream HTTP/1.0" 200 19 "-" "-" 109
::1 - - [02/May/2017:09:26:40 -0400] "GET /stream HTTP/1.1" 200 1736531 "http://localhost:3000/" "Mozilla/5.0 (iPhone; CPU iPhone OS 9_1 like Mac OS X) AppleWebKit/601.1.46 (KHTML, like Gecko) Version/9.0 Mobile/13B143 Safari/601.1" 109
::1 - - [02/May/2017:09:27:36 -0400] "SOURCE /stream HTTP/1.0" 200 19 "-" "-" 33
::1 - - [02/May/2017:09:27:36 -0400] "GET /stream HTTP/1.1" 200 524133 "http://localhost:3000/" "Mozilla/5.0 (iPhone; CPU iPhone OS 9_1 like Mac OS X) AppleWebKit/601.1.46 (KHTML, like Gecko) Version/9.0 Mobile/13B143 Safari/601.1" 33
::1 - - [02/May/2017:09:27:58 -0400] "GET /stream HTTP/1.1" 200 151731 "http://localhost:3000/" "Mozilla/5.0 (iPhone; CPU iPhone OS 9_1 like Mac OS X) AppleWebKit/601.1.46 (KHTML, like Gecko) Version/9.0 Mobile/13B143 Safari/601.1" 10
::1 - - [02/May/2017:09:28:00 -0400] "SOURCE /stream HTTP/1.0" 200 19 "-" "-" 12
::1 - - [02/May/2017:09:28:19 -0400] "GET /stream HTTP/1.1" 200 69131 "http://localhost:3000/" "Mozilla/5.0 (iPhone; CPU iPhone OS 9_1 like Mac OS X) AppleWebKit/601.1.46 (KHTML, like Gecko) Version/9.0 Mobile/13B143 Safari/601.1" 5
::1 - - [02/May/2017:09:28:20 -0400] "SOURCE /stream HTTP/1.0" 200 19 "-" "-" 6
::1 - - [02/May/2017:09:30:30 -0400] "SOURCE /stream HTTP/1.0" 200 19 "-" "-" 15
::1 - - [02/May/2017:09:30:30 -0400] "GET /stream HTTP/1.1" 200 245531 "http://localhost:3000/" "Mozilla/5.0 (iPhone; CPU iPhone OS 9_1 like Mac OS X) AppleWebKit/601.1.46 (KHTML, like Gecko) Version/9.0 Mobile/13B143 Safari/601.1" 15
::1 - - [02/May/2017:09:33:10 -0400] "SOURCE /stream HTTP/1.0" 200 19 "-" "-" 146
::1 - - [02/May/2017:09:33:10 -0400] "GET /stream HTTP/1.1" 200 2162131 "http://localhost:3000/" "Mozilla/5.0 (iPhone; CPU iPhone OS 9_1 like Mac OS X) AppleWebKit/601.1.46 (KHTML, like Gecko) Version/9.0 Mobile/13B143 Safari/601.1" 146
::1 - - [02/May/2017:10:54:30 -0400] "GET /stream HTTP/1.1" 404 644 "http://localhost:3000/" "Mozilla/5.0 (iPhone; CPU iPhone OS 9_1 like Mac OS X) AppleWebKit/601.1.46 (KHTML, like Gecko) Version/9.0 Mobile/13B143 Safari/601.1" 0
::1 - - [02/May/2017:10:54:52 -0400] "GET /stream HTTP/1.1" 404 644 "http://localhost:3000/" "Mozilla/5.0 (iPhone; CPU iPhone OS 9_1 like Mac OS X) AppleWebKit/601.1.46 (KHTML, like Gecko) Version/9.0 Mobile/13B143 Safari/601.1" 0
::1 - - [02/May/2017:10:55:28 -0400] "SOURCE /stream HTTP/1.0" 200 19 "-" "-" 15
::1 - - [02/May/2017:10:55:28 -0400] "GET /stream HTTP/1.1" 200 224531 "http://localhost:3000/" "Mozilla/5.0 (iPhone; CPU iPhone OS 9_1 like Mac OS X) AppleWebKit/601.1.46 (KHTML, like Gecko) Version/9.0 Mobile/13B143 Safari/601.1" 15
::1 - - [02/May/2017:10:56:24 -0400] "SOURCE /stream HTTP/1.0" 200 19 "-" "-" 43
::1 - - [02/May/2017:10:56:24 -0400] "GET /stream HTTP/1.1" 200 671131 "http://localhost:3000/" "Mozilla/5.0 (iPhone; CPU iPhone OS 9_1 like Mac OS X) AppleWebKit/601.1.46 (KHTML, like Gecko) Version/9.0 Mobile/13B143 Safari/601.1" 43
::1 - - [02/May/2017:10:57:38 -0400] "GET /stream HTTP/1.1" 404 644 "http://localhost:3000/" "Mozilla/5.0 (iPhone; CPU iPhone OS 9_1 like Mac OS X) AppleWebKit/601.1.46 (KHTML, like Gecko) Version/9.0 Mobile/13B143 Safari/601.1" 0
::1 - - [02/May/2017:10:57:53 -0400] "SOURCE /stream HTTP/1.0" 200 19 "-" "-" 15
::1 - - [02/May/2017:10:59:29 -0400] "SOURCE /stream HTTP/1.0" 200 19 "-" "-" 84
::1 - - [02/May/2017:10:59:29 -0400] "GET /stream HTTP/1.1" 200 1343131 "http://localhost:3000/" "Mozilla/5.0 (iPhone; CPU iPhone OS 9_1 like Mac OS X) AppleWebKit/601.1.46 (KHTML, like Gecko) Version/9.0 Mobile/13B143 Safari/601.1" 84
::1 - - [02/May/2017:11:00:24 -0400] "SOURCE /stream HTTP/1.0" 403 538 "-" "-" 0
::1 - - [02/May/2017:11:00:41 -0400] "SOURCE /stream HTTP/1.0" 403 538 "-" "-" 0
::1 - - [02/May/2017:11:00:50 -0400] "GET /stream HTTP/1.1" 200 609533 "http://localhost:3000/" "Mozilla/5.0 (iPhone; CPU iPhone OS 9_1 like Mac OS X) AppleWebKit/601.1.46 (KHTML, like Gecko) Version/9.0 Mobile/13B143 Safari/601.1" 39
::1 - - [02/May/2017:11:00:50 -0400] "GET /stream HTTP/1.1" 200 199333 "http://localhost:3000/" "Mozilla/5.0 (iPhone; CPU iPhone OS 9_1 like Mac OS X) AppleWebKit/601.1.46 (KHTML, like Gecko) Version/9.0 Mobile/13B143 Safari/601.1" 9
::1 - - [02/May/2017:11:00:54 -0400] "SOURCE /stream HTTP/1.0" 403 538 "-" "-" 0
::1 - - [02/May/2017:11:01:44 -0400] "GET /stream HTTP/1.1" 200 1330533 "http://localhost:3000/" "Mozilla/5.0 (Macintosh; Intel Mac OS X 10_11_6) AppleWebKit/537.36 (KHTML, like Gecko) Chrome/57.0.2987.133 Safari/537.36" 86
::1 - - [02/May/2017:11:01:44 -0400] "GET /stream HTTP/1.1" 200 868533 "http://localhost:3000/" "Mozilla/5.0 (Macintosh; Intel Mac OS X 10_11_6) AppleWebKit/537.36 (KHTML, like Gecko) Chrome/57.0.2987.133 Safari/537.36" 50
::1 - - [02/May/2017:11:02:26 -0400] "SOURCE /stream HTTP/1.0" 200 19 "-" "-" 135
::1 - - [02/May/2017:11:09:46 -0400] "SOURCE /stream HTTP/1.0" 200 19 "-" "-" 11
::1 - - [02/May/2017:11:09:46 -0400] "GET /stream HTTP/1.1" 200 531 "http://localhost:3000/" "Mozilla/5.0 (iPhone; CPU iPhone OS 9_1 like Mac OS X) AppleWebKit/601.1.46 (KHTML, like Gecko) Version/9.0 Mobile/13B143 Safari/601.1" 11
::1 - - [02/May/2017:11:10:07 -0400] "SOURCE /stream HTTP/1.0" 403 538 "-" "-" 0
::1 - - [02/May/2017:11:10:11 -0400] "SOURCE /stream HTTP/1.0" 200 19 "-" "-" 25
::1 - - [02/May/2017:11:10:11 -0400] "GET /stream HTTP/1.1" 200 392534 "http://localhost:3000/" "Mozilla/5.0 (Macintosh; Intel Mac OS X 10_11_6) AppleWebKit/537.36 (KHTML, like Gecko) Chrome/57.0.2987.133 Safari/537.36" 32
::1 - - [02/May/2017:11:10:11 -0400] "GET /stream HTTP/1.1" 200 126534 "http://localhost:3000/" "Mozilla/5.0 (Macintosh; Intel Mac OS X 10_11_6) AppleWebKit/537.36 (KHTML, like Gecko) Chrome/57.0.2987.133 Safari/537.36" 4
::1 - - [02/May/2017:11:12:39 -0400] "SOURCE /stream HTTP/1.0" 403 538 "-" "-" 1
::1 - - [02/May/2017:11:12:40 -0400] "SOURCE /stream HTTP/1.0" 200 19 "-" "-" 11
::1 - - [02/May/2017:11:12:40 -0400] "GET /stream HTTP/1.1" 200 531 "http://localhost:3000/" "Mozilla/5.0 (iPhone; CPU iPhone OS 9_1 like Mac OS X) AppleWebKit/601.1.46 (KHTML, like Gecko) Version/9.0 Mobile/13B143 Safari/601.1" 11
::1 - - [02/May/2017:11:12:40 -0400] "GET /stream HTTP/1.1" 200 531 "http://localhost:3000/" "Mozilla/5.0 (Macintosh; Intel Mac OS X 10_11_6) AppleWebKit/537.36 (KHTML, like Gecko) Chrome/57.0.2987.133 Safari/537.36" 2
::1 - - [02/May/2017:11:12:56 -0400] "GET /stream HTTP/1.1" 200 69133 "http://localhost:3000/" "Mozilla/5.0 (Macintosh; Intel Mac OS X 10_11_6) AppleWebKit/537.36 (KHTML, like Gecko) Chrome/57.0.2987.133 Safari/537.36" 5
::1 - - [02/May/2017:11:15:06 -0400] "SOURCE /stream HTTP/1.0" 200 19 "-" "-" 135
::1 - - [02/May/2017:11:18:13 -0400] "GET /stream HTTP/1.1" 404 644 "http://localhost:3000/" "Mozilla/5.0 (iPhone; CPU iPhone OS 9_1 like Mac OS X) AppleWebKit/601.1.46 (KHTML, like Gecko) Version/9.0 Mobile/13B143 Safari/601.1" 0
::1 - - [02/May/2017:11:18:27 -0400] "GET /stream HTTP/1.1" 404 644 "http://localhost:3000/" "Mozilla/5.0 (iPhone; CPU iPhone OS 9_1 like Mac OS X) AppleWebKit/601.1.46 (KHTML, like Gecko) Version/9.0 Mobile/13B143 Safari/601.1" 0
::1 - - [02/May/2017:11:19:13 -0400] "GET /stream HTTP/1.1" 404 644 "http://localhost:3000/" "Mozilla/5.0 (iPhone; CPU iPhone OS 9_1 like Mac OS X) AppleWebKit/601.1.46 (KHTML, like Gecko) Version/9.0 Mobile/13B143 Safari/601.1" 0
::1 - - [02/May/2017:11:20:31 -0400] "GET /stream HTTP/1.1" 404 644 "http://localhost:3000/" "Mozilla/5.0 (iPhone; CPU iPhone OS 9_1 like Mac OS X) AppleWebKit/601.1.46 (KHTML, like Gecko) Version/9.0 Mobile/13B143 Safari/601.1" 0
::1 - - [02/May/2017:11:21:24 -0400] "GET /stream HTTP/1.1" 404 644 "http://localhost:3000/" "Mozilla/5.0 (iPhone; CPU iPhone OS 9_1 like Mac OS X) AppleWebKit/601.1.46 (KHTML, like Gecko) Version/9.0 Mobile/13B143 Safari/601.1" 0
::1 - - [02/May/2017:11:22:18 -0400] "SOURCE /stream HTTP/1.0" 403 538 "-" "-" 0
::1 - - [02/May/2017:11:22:32 -0400] "SOURCE /stream HTTP/1.0" 403 538 "-" "-" 0
::1 - - [02/May/2017:11:22:41 -0400] "GET /stream HTTP/1.1" 200 424731 "http://localhost:3000/" "Mozilla/5.0 (Macintosh; Intel Mac OS X 10_11_6) AppleWebKit/537.36 (KHTML, like Gecko) Chrome/57.0.2987.133 Safari/537.36" 29
::1 - - [02/May/2017:11:22:41 -0400] "GET /stream HTTP/1.1" 200 195131 "http://localhost:3000/" "Mozilla/5.0 (Macintosh; Intel Mac OS X 10_11_6) AppleWebKit/537.36 (KHTML, like Gecko) Chrome/57.0.2987.133 Safari/537.36" 9
::1 - - [02/May/2017:11:22:42 -0400] "GET /stream HTTP/1.1" 200 708931 "http://localhost:3000/" "Mozilla/5.0 (iPhone; CPU iPhone OS 9_1 like Mac OS X) AppleWebKit/601.1.46 (KHTML, like Gecko) Version/9.0 Mobile/13B143 Safari/601.1" 45
::1 - - [02/May/2017:11:24:01 -0400] "SOURCE /stream HTTP/1.0" 200 19 "-" "-" 124
::1 - - [02/May/2017:15:00:15 -0400] "SOURCE /stream HTTP/1.0" 403 538 "-" "-" 1
::1 - - [02/May/2017:15:00:43 -0400] "SOURCE /stream HTTP/1.0" 403 538 "-" "-" 1
::1 - - [02/May/2017:15:00:52 -0400] "SOURCE /stream HTTP/1.0" 403 538 "-" "-" 0
::1 - - [02/May/2017:15:00:54 -0400] "GET /stream HTTP/1.1" 200 871333 "http://localhost:3000/" "Mozilla/5.0 (iPhone; CPU iPhone OS 9_1 like Mac OS X) AppleWebKit/601.1.46 (KHTML, like Gecko) Version/9.0 Mobile/13B143 Safari/601.1" 55
::1 - - [02/May/2017:15:00:54 -0400] "GET /stream HTTP/1.1" 200 686533 "http://localhost:3000/" "Mozilla/5.0 (Macintosh; Intel Mac OS X 10_11_6) AppleWebKit/537.36 (KHTML, like Gecko) Chrome/57.0.2987.133 Safari/537.36" 40
::1 - - [02/May/2017:15:00:54 -0400] "GET /stream HTTP/1.1" 200 231533 "http://localhost:3000/" "Mozilla/5.0 (Macintosh; Intel Mac OS X 10_11_6) AppleWebKit/537.36 (KHTML, like Gecko) Chrome/57.0.2987.133 Safari/537.36" 12
::1 - - [02/May/2017:15:00:54 -0400] "GET /stream HTTP/1.1" 200 83133 "http://localhost:3000/" "Mozilla/5.0 (Macintosh; Intel Mac OS X 10_11_6) AppleWebKit/537.36 (KHTML, like Gecko) Chrome/57.0.2987.133 Safari/537.36" 2
::1 - - [02/May/2017:15:45:33 -0400] "SOURCE /stream HTTP/1.0" 200 19 "-" "-" 2734
::1 - - [02/May/2017:20:51:41 -0400] "SOURCE /stream HTTP/1.0" 200 19 "-" "-" 61
::1 - - [02/May/2017:20:51:41 -0400] "GET /stream HTTP/1.1" 200 983333 "http://localhost:3000/?" "Mozilla/5.0 (Macintosh; Intel Mac OS X 10_11_6) AppleWebKit/537.36 (KHTML, like Gecko) Chrome/57.0.2987.133 Safari/537.36" 61
::1 - - [02/May/2017:20:51:55 -0400] "GET /stream HTTP/1.1" 404 644 "http://localhost:3000/?" "Mozilla/5.0 (Macintosh; Intel Mac OS X 10_11_6) AppleWebKit/537.36 (KHTML, like Gecko) Chrome/57.0.2987.133 Safari/537.36" 0
::1 - - [02/May/2017:20:52:34 -0400] "GET /stream HTTP/1.1" 404 644 "http://localhost:3000/?" "Mozilla/5.0 (Macintosh; Intel Mac OS X 10_11_6) AppleWebKit/537.36 (KHTML, like Gecko) Chrome/57.0.2987.133 Safari/537.36" 0
::1 - - [02/May/2017:20:53:29 -0400] "GET /stream HTTP/1.1" 200 431733 "http://localhost:3000/?" "Mozilla/5.0 (Macintosh; Intel Mac OS X 10_11_6) AppleWebKit/537.36 (KHTML, like Gecko) Chrome/57.0.2987.133 Safari/537.36" 27
::1 - - [02/May/2017:20:53:31 -0400] "SOURCE /stream HTTP/1.0" 200 19 "-" "-" 29
::1 - - [02/May/2017:20:54:14 -0400] "SOURCE /stream HTTP/1.0" 403 538 "-" "-" 1
::1 - - [02/May/2017:20:55:49 -0400] "SOURCE /stream HTTP/1.0" 200 19 "-" "-" 124
::1 - - [02/May/2017:20:55:49 -0400] "GET /stream HTTP/1.1" 200 1982933 "http://localhost:3000/?" "Mozilla/5.0 (Macintosh; Intel Mac OS X 10_11_6) AppleWebKit/537.36 (KHTML, like Gecko) Chrome/57.0.2987.133 Safari/537.36" 124
::1 - - [02/May/2017:20:55:49 -0400] "GET /stream HTTP/1.1" 200 1586733 "http://localhost:3000/" "Mozilla/5.0 (iPhone; CPU iPhone OS 9_1 like Mac OS X) AppleWebKit/601.1.46 (KHTML, like Gecko) Version/9.0 Mobile/13B143 Safari/601.1" 96
